# JRE version: Java(TM) SE Runtime Environment (7.0_45-b18) (build 1.7.0_45-b18)
# Java VM: Java HotSpot(TM) 64-Bit Server VM (24.45-b08 mixed mode windows-amd64 compressed oops)
Heap
 PSYoungGen      total 30208K, used 16369K [0x00000000e0000000, 0x00000000e2500000, 0x0000000100000000)
  eden space 23552K, 47% used [0x00000000e0000000,0x00000000e0ad0608,0x00000000e1700000)
  from space 6656K, 79% used [0x00000000e1e80000,0x00000000e23ac120,0x00000000e2500000)
  to   space 7168K, 0% used [0x00000000e1700000,0x00000000e1700000,0x00000000e1e00000)
 ParOldGen       total 65536K, used 6783K [0x00000000a0000000, 0x00000000a4000000, 0x00000000e0000000)
  object space 65536K, 10% used [0x00000000a0000000,0x00000000a069fd98,0x00000000a4000000)
 PSPermGen       total 21504K, used 16061K [0x000000009ae00000, 0x000000009c300000, 0x00000000a0000000)
  object space 21504K, 74% used [0x000000009ae00000,0x000000009bdaf4b8,0x000000009c300000)
GC Heap History (10 events):
Event: 9.635 GC heap before
{Heap before GC invocations=2 (full 0):
 PSYoungGen      total 28672K, used 28642K [0x00000000e0000000, 0x00000000e2000000, 0x0000000100000000)
  eden space 24576K, 100% used [0x00000000e0000000,0x00000000e1800000,0x00000000e1800000)
  from space 4096K, 99% used [0x00000000e1800000,0x00000000e1bf89a8,0x00000000e1c00000)
  to   space 4096K, 0% used [0x00000000e1c00000,0x00000000e1c00000,0x00000000e2000000)
 ParOldGen       total 65536K, used 376K [0x00000000a0000000, 0x00000000a4000000, 0x00000000e0000000)
  object space 65536K, 0% used [0x00000000a0000000,0x00000000a005e178,0x00000000a4000000)
 PSPermGen       total 21504K, used 14922K [0x000000009ae00000, 0x000000009c300000, 0x00000000a0000000)
  object space 21504K, 69% used [0x000000009ae00000,0x000000009bc928c8,0x000000009c300000)
Event: 9.653 GC heap after
Heap after GC invocations=2 (full 0):
 PSYoungGen      total 28672K, used 4064K [0x00000000e0000000, 0x00000000e2000000, 0x0000000100000000)
  eden space 24576K, 0% used [0x00000000e0000000,0x00000000e0000000,0x00000000e1800000)
  from space 4096K, 99% used [0x00000000e1c00000,0x00000000e1ff8060,0x00000000e2000000)
  to   space 4096K, 0% used [0x00000000e1800000,0x00000000e1800000,0x00000000e1c00000)
 ParOldGen       total 65536K, used 3227K [0x00000000a0000000, 0x00000000a4000000, 0x00000000e0000000)
  object space 65536K, 4% used [0x00000000a0000000,0x00000000a0326d80,0x00000000a4000000)
 PSPermGen       total 21504K, used 14922K [0x000000009ae00000, 0x000000009c300000, 0x00000000a0000000)
  object space 21504K, 69% used [0x000000009ae00000,0x000000009bc928c8,0x000000009c300000)
}
Event: 68.498 GC heap before
{Heap before GC invocations=3 (full 0):
 PSYoungGen      total 28672K, used 28640K [0x00000000e0000000, 0x00000000e2000000, 0x0000000100000000)
  eden space 24576K, 100% used [0x00000000e0000000,0x00000000e1800000,0x00000000e1800000)
  from space 4096K, 99% used [0x00000000e1c00000,0x00000000e1ff8060,0x00000000e2000000)
  to   space 4096K, 0% used [0x00000000e1800000,0x00000000e1800000,0x00000000e1c00000)
 ParOldGen       total 65536K, used 3227K [0x00000000a0000000, 0x00000000a4000000, 0x00000000e0000000)
  object space 65536K, 4% used [0x00000000a0000000,0x00000000a0326d80,0x00000000a4000000)
 PSPermGen       total 21504K, used 15524K [0x000000009ae00000, 0x000000009c300000, 0x00000000a0000000)
  object space 21504K, 72% used [0x000000009ae00000,0x000000009bd29200,0x000000009c300000)
Event: 68.520 GC heap after
Heap after GC invocations=3 (full 0):
 PSYoungGen      total 28672K, used 4080K [0x00000000e0000000, 0x00000000e2000000, 0x0000000100000000)
  eden space 24576K, 0% used [0x00000000e0000000,0x00000000e0000000,0x00000000e1800000)
  from space 4096K, 99% used [0x00000000e1800000,0x00000000e1bfc0a0,0x00000000e1c00000)
  to   space 4096K, 0% used [0x00000000e1c00000,0x00000000e1c00000,0x00000000e2000000)
 ParOldGen       total 65536K, used 5073K [0x00000000a0000000, 0x00000000a4000000, 0x00000000e0000000)
  object space 65536K, 7% used [0x00000000a0000000,0x00000000a04f4590,0x00000000a4000000)
 PSPermGen       total 21504K, used 15524K [0x000000009ae00000, 0x000000009c300000, 0x00000000a0000000)
  object space 21504K, 72% used [0x000000009ae00000,0x000000009bd29200,0x000000009c300000)
}
Event: 211.195 GC heap before
{Heap before GC invocations=4 (full 0):
 PSYoungGen      total 28672K, used 28656K [0x00000000e0000000, 0x00000000e2000000, 0x0000000100000000)
  eden space 24576K, 100% used [0x00000000e0000000,0x00000000e1800000,0x00000000e1800000)
  from space 4096K, 99% used [0x00000000e1800000,0x00000000e1bfc0a0,0x00000000e1c00000)
  to   space 4096K, 0% used [0x00000000e1c00000,0x00000000e1c00000,0x00000000e2000000)
 ParOldGen       total 65536K, used 5073K [0x00000000a0000000, 0x00000000a4000000, 0x00000000e0000000)
  object space 65536K, 7% used [0x00000000a0000000,0x00000000a04f4590,0x00000000a4000000)
 PSPermGen       total 21504K, used 15594K [0x000000009ae00000, 0x000000009c300000, 0x00000000a0000000)
  object space 21504K, 72% used [0x000000009ae00000,0x000000009bd3a848,0x000000009c300000)
Event: 211.209 GC heap after
Heap after GC invocations=4 (full 0):
 PSYoungGen      total 28672K, used 4080K [0x00000000e0000000, 0x00000000e2000000, 0x0000000100000000)
  eden space 24576K, 0% used [0x00000000e0000000,0x00000000e0000000,0x00000000e1800000)
  from space 4096K, 99% used [0x00000000e1c00000,0x00000000e1ffc0b0,0x00000000e2000000)
  to   space 4096K, 0% used [0x00000000e1800000,0x00000000e1800000,0x00000000e1c00000)
 ParOldGen       total 65536K, used 5917K [0x00000000a0000000, 0x00000000a4000000, 0x00000000e0000000)
  object space 65536K, 9% used [0x00000000a0000000,0x00000000a05c7650,0x00000000a4000000)
 PSPermGen       total 21504K, used 15594K [0x000000009ae00000, 0x000000009c300000, 0x00000000a0000000)
  object space 21504K, 72% used [0x000000009ae00000,0x000000009bd3a848,0x000000009c300000)
}
Event: 419.288 GC heap before
{Heap before GC invocations=5 (full 0):
 PSYoungGen      total 28672K, used 28656K [0x00000000e0000000, 0x00000000e2000000, 0x0000000100000000)
  eden space 24576K, 100% used [0x00000000e0000000,0x00000000e1800000,0x00000000e1800000)
  from space 4096K, 99% used [0x00000000e1c00000,0x00000000e1ffc0b0,0x00000000e2000000)
  to   space 4096K, 0% used [0x00000000e1800000,0x00000000e1800000,0x00000000e1c00000)
 ParOldGen       total 65536K, used 5917K [0x00000000a0000000, 0x00000000a4000000, 0x00000000e0000000)
  object space 65536K, 9% used [0x00000000a0000000,0x00000000a05c7650,0x00000000a4000000)
 PSPermGen       total 21504K, used 15990K [0x000000009ae00000, 0x000000009c300000, 0x00000000a0000000)
  object space 21504K, 74% used [0x000000009ae00000,0x000000009bd9dbf8,0x000000009c300000)
Event: 419.315 GC heap after
Heap after GC invocations=5 (full 0):
 PSYoungGen      total 28160K, used 4064K [0x00000000e0000000, 0x00000000e2580000, 0x0000000100000000)
  eden space 24064K, 0% used [0x00000000e0000000,0x00000000e0000000,0x00000000e1780000)
  from space 4096K, 99% used [0x00000000e1800000,0x00000000e1bf80b0,0x00000000e1c00000)
  to   space 7168K, 0% used [0x00000000e1e80000,0x00000000e1e80000,0x00000000e2580000)
 ParOldGen       total 65536K, used 6783K [0x00000000a0000000, 0x00000000a4000000, 0x00000000e0000000)
  object space 65536K, 10% used [0x00000000a0000000,0x00000000a069fd98,0x00000000a4000000)
 PSPermGen       total 21504K, used 15990K [0x000000009ae00000, 0x000000009c300000, 0x00000000a0000000)
  object space 21504K, 74% used [0x000000009ae00000,0x000000009bd9dbf8,0x000000009c300000)
}
Event: 480.637 GC heap before
{Heap before GC invocations=6 (full 0):
 PSYoungGen      total 28160K, used 28128K [0x00000000e0000000, 0x00000000e2580000, 0x0000000100000000)
  eden space 24064K, 100% used [0x00000000e0000000,0x00000000e1780000,0x00000000e1780000)
  from space 4096K, 99% used [0x00000000e1800000,0x00000000e1bf80b0,0x00000000e1c00000)
  to   space 7168K, 0% used [0x00000000e1e80000,0x00000000e1e80000,0x00000000e2580000)
 ParOldGen       total 65536K, used 6783K [0x00000000a0000000, 0x00000000a4000000, 0x00000000e0000000)
  object space 65536K, 10% used [0x00000000a0000000,0x00000000a069fd98,0x00000000a4000000)
 PSPermGen       total 21504K, used 16036K [0x000000009ae00000, 0x000000009c300000, 0x00000000a0000000)
  object space 21504K, 74% used [0x000000009ae00000,0x000000009bda9020,0x000000009c300000)
Event: 480.659 GC heap after
Heap after GC invocations=6 (full 0):
 PSYoungGen      total 30208K, used 5296K [0x00000000e0000000, 0x00000000e2500000, 0x0000000100000000)
  eden space 23552K, 0% used [0x00000000e0000000,0x00000000e0000000,0x00000000e1700000)
  from space 6656K, 79% used [0x00000000e1e80000,0x00000000e23ac120,0x00000000e2500000)
  to   space 7168K, 0% used [0x00000000e1700000,0x00000000e1700000,0x00000000e1e00000)
 ParOldGen       total 65536K, used 6783K [0x00000000a0000000, 0x00000000a4000000, 0x00000000e0000000)
  object space 65536K, 10% used [0x00000000a0000000,0x00000000a069fd98,0x00000000a4000000)
 PSPermGen       total 21504K, used 16036K [0x000000009ae00000, 0x000000009c300000, 0x00000000a0000000)
  object space 21504K, 74% used [0x000000009ae00000,0x000000009bda9020,0x000000009c300000)
}

