# JRE version: Java(TM) SE Runtime Environment (7.0_45-b18) (build 1.7.0_45-b18)
# Java VM: Java HotSpot(TM) 64-Bit Server VM (24.45-b08 mixed mode windows-amd64 compressed oops)
Heap
 PSYoungGen      total 22528K, used 7643K [0x00000000e0000000, 0x00000000e2480000, 0x0000000100000000)
  eden space 20992K, 30% used [0x00000000e0000000,0x00000000e062abc0,0x00000000e1480000)
  from space 1536K, 86% used [0x00000000e1480000,0x00000000e15cc080,0x00000000e1600000)
  to   space 8192K, 0% used [0x00000000e1c80000,0x00000000e1c80000,0x00000000e2480000)
 ParOldGen       total 65536K, used 15380K [0x00000000a0000000, 0x00000000a4000000, 0x00000000e0000000)
  object space 65536K, 23% used [0x00000000a0000000,0x00000000a0f05310,0x00000000a4000000)
 PSPermGen       total 21504K, used 16997K [0x000000009ae00000, 0x000000009c300000, 0x00000000a0000000)
  object space 21504K, 79% used [0x000000009ae00000,0x000000009be99538,0x000000009c300000)
GC Heap History (10 events):
Event: 568.609 GC heap before
{Heap before GC invocations=11 (full 0):
 PSYoungGen      total 29184K, used 23391K [0x00000000e0000000, 0x00000000e2500000, 0x0000000100000000)
  eden space 21504K, 99% used [0x00000000e0000000,0x00000000e14fc818,0x00000000e1500000)
  from space 7680K, 24% used [0x00000000e1d80000,0x00000000e1f5b5a8,0x00000000e2500000)
  to   space 8192K, 0% used [0x00000000e1500000,0x00000000e1500000,0x00000000e1d00000)
 ParOldGen       total 65536K, used 12567K [0x00000000a0000000, 0x00000000a4000000, 0x00000000e0000000)
  object space 65536K, 19% used [0x00000000a0000000,0x00000000a0c45db8,0x00000000a4000000)
 PSPermGen       total 21504K, used 16959K [0x000000009ae00000, 0x000000009c300000, 0x00000000a0000000)
  object space 21504K, 78% used [0x000000009ae00000,0x000000009be8fc40,0x000000009c300000)
Event: 568.626 GC heap after
Heap after GC invocations=11 (full 0):
 PSYoungGen      total 29696K, used 1056K [0x00000000e0000000, 0x00000000e2500000, 0x0000000100000000)
  eden space 21504K, 0% used [0x00000000e0000000,0x00000000e0000000,0x00000000e1500000)
  from space 8192K, 12% used [0x00000000e1500000,0x00000000e1608050,0x00000000e1d00000)
  to   space 8192K, 0% used [0x00000000e1d00000,0x00000000e1d00000,0x00000000e2500000)
 ParOldGen       total 65536K, used 13523K [0x00000000a0000000, 0x00000000a4000000, 0x00000000e0000000)
  object space 65536K, 20% used [0x00000000a0000000,0x00000000a0d34d08,0x00000000a4000000)
 PSPermGen       total 21504K, used 16959K [0x000000009ae00000, 0x000000009c300000, 0x00000000a0000000)
  object space 21504K, 78% used [0x000000009ae00000,0x000000009be8fc40,0x000000009c300000)
}
Event: 657.877 GC heap before
{Heap before GC invocations=12 (full 0):
 PSYoungGen      total 29696K, used 22552K [0x00000000e0000000, 0x00000000e2500000, 0x0000000100000000)
  eden space 21504K, 99% used [0x00000000e0000000,0x00000000e14fe188,0x00000000e1500000)
  from space 8192K, 12% used [0x00000000e1500000,0x00000000e1608050,0x00000000e1d00000)
  to   space 8192K, 0% used [0x00000000e1d00000,0x00000000e1d00000,0x00000000e2500000)
 ParOldGen       total 65536K, used 13523K [0x00000000a0000000, 0x00000000a4000000, 0x00000000e0000000)
  object space 65536K, 20% used [0x00000000a0000000,0x00000000a0d34d08,0x00000000a4000000)
 PSPermGen       total 21504K, used 16965K [0x000000009ae00000, 0x000000009c300000, 0x00000000a0000000)
  object space 21504K, 78% used [0x000000009ae00000,0x000000009be91490,0x000000009c300000)
Event: 657.940 GC heap after
Heap after GC invocations=12 (full 0):
 PSYoungGen      total 29184K, used 944K [0x00000000e0000000, 0x00000000e2600000, 0x0000000100000000)
  eden space 20992K, 0% used [0x00000000e0000000,0x00000000e0000000,0x00000000e1480000)
  from space 8192K, 11% used [0x00000000e1d00000,0x00000000e1dec030,0x00000000e2500000)
  to   space 8704K, 0% used [0x00000000e1480000,0x00000000e1480000,0x00000000e1d00000)
 ParOldGen       total 65536K, used 13975K [0x00000000a0000000, 0x00000000a4000000, 0x00000000e0000000)
  object space 65536K, 21% used [0x00000000a0000000,0x00000000a0da5df8,0x00000000a4000000)
 PSPermGen       total 21504K, used 16965K [0x000000009ae00000, 0x000000009c300000, 0x00000000a0000000)
  object space 21504K, 78% used [0x000000009ae00000,0x000000009be91490,0x000000009c300000)
}
Event: 741.290 GC heap before
{Heap before GC invocations=13 (full 0):
 PSYoungGen      total 29184K, used 21936K [0x00000000e0000000, 0x00000000e2600000, 0x0000000100000000)
  eden space 20992K, 100% used [0x00000000e0000000,0x00000000e1480000,0x00000000e1480000)
  from space 8192K, 11% used [0x00000000e1d00000,0x00000000e1dec030,0x00000000e2500000)
  to   space 8704K, 0% used [0x00000000e1480000,0x00000000e1480000,0x00000000e1d00000)
 ParOldGen       total 65536K, used 13975K [0x00000000a0000000, 0x00000000a4000000, 0x00000000e0000000)
  object space 65536K, 21% used [0x00000000a0000000,0x00000000a0da5df8,0x00000000a4000000)
 PSPermGen       total 21504K, used 16971K [0x000000009ae00000, 0x000000009c300000, 0x00000000a0000000)
  object space 21504K, 78% used [0x000000009ae00000,0x000000009be92f48,0x000000009c300000)
Event: 741.343 GC heap after
Heap after GC invocations=13 (full 0):
 PSYoungGen      total 29696K, used 1136K [0x00000000e0000000, 0x00000000e2580000, 0x0000000100000000)
  eden space 20992K, 0% used [0x00000000e0000000,0x00000000e0000000,0x00000000e1480000)
  from space 8704K, 13% used [0x00000000e1480000,0x00000000e159c090,0x00000000e1d00000)
  to   space 8704K, 0% used [0x00000000e1d00000,0x00000000e1d00000,0x00000000e2580000)
 ParOldGen       total 65536K, used 14379K [0x00000000a0000000, 0x00000000a4000000, 0x00000000e0000000)
  object space 65536K, 21% used [0x00000000a0000000,0x00000000a0e0aef8,0x00000000a4000000)
 PSPermGen       total 21504K, used 16971K [0x000000009ae00000, 0x000000009c300000, 0x00000000a0000000)
  object space 21504K, 78% used [0x000000009ae00000,0x000000009be92f48,0x000000009c300000)
}
Event: 817.112 GC heap before
{Heap before GC invocations=14 (full 0):
 PSYoungGen      total 29696K, used 22128K [0x00000000e0000000, 0x00000000e2580000, 0x0000000100000000)
  eden space 20992K, 100% used [0x00000000e0000000,0x00000000e1480000,0x00000000e1480000)
  from space 8704K, 13% used [0x00000000e1480000,0x00000000e159c090,0x00000000e1d00000)
  to   space 8704K, 0% used [0x00000000e1d00000,0x00000000e1d00000,0x00000000e2580000)
 ParOldGen       total 65536K, used 14379K [0x00000000a0000000, 0x00000000a4000000, 0x00000000e0000000)
  object space 65536K, 21% used [0x00000000a0000000,0x00000000a0e0aef8,0x00000000a4000000)
 PSPermGen       total 21504K, used 16977K [0x000000009ae00000, 0x000000009c300000, 0x00000000a0000000)
  object space 21504K, 78% used [0x000000009ae00000,0x000000009be944e8,0x000000009c300000)
Event: 817.140 GC heap after
Heap after GC invocations=14 (full 0):
 PSYoungGen      total 29696K, used 1024K [0x00000000e0000000, 0x00000000e2580000, 0x0000000100000000)
  eden space 20992K, 0% used [0x00000000e0000000,0x00000000e0000000,0x00000000e1480000)
  from space 8704K, 11% used [0x00000000e1d00000,0x00000000e1e00050,0x00000000e2580000)
  to   space 8704K, 0% used [0x00000000e1480000,0x00000000e1480000,0x00000000e1d00000)
 ParOldGen       total 65536K, used 14867K [0x00000000a0000000, 0x00000000a4000000, 0x00000000e0000000)
  object space 65536K, 22% used [0x00000000a0000000,0x00000000a0e84ff8,0x00000000a4000000)
 PSPermGen       total 21504K, used 16977K [0x000000009ae00000, 0x000000009c300000, 0x00000000a0000000)
  object space 21504K, 78% used [0x000000009ae00000,0x000000009be944e8,0x000000009c300000)
}
Event: 911.827 GC heap before
{Heap before GC invocations=15 (full 0):
 PSYoungGen      total 29696K, used 22004K [0x00000000e0000000, 0x00000000e2580000, 0x0000000100000000)
  eden space 20992K, 99% used [0x00000000e0000000,0x00000000e147d2f8,0x00000000e1480000)
  from space 8704K, 11% used [0x00000000e1d00000,0x00000000e1e00050,0x00000000e2580000)
  to   space 8704K, 0% used [0x00000000e1480000,0x00000000e1480000,0x00000000e1d00000)
 ParOldGen       total 65536K, used 14867K [0x00000000a0000000, 0x00000000a4000000, 0x00000000e0000000)
  object space 65536K, 22% used [0x00000000a0000000,0x00000000a0e84ff8,0x00000000a4000000)
 PSPermGen       total 21504K, used 16991K [0x000000009ae00000, 0x000000009c300000, 0x00000000a0000000)
  object space 21504K, 79% used [0x000000009ae00000,0x000000009be97d20,0x000000009c300000)
Event: 911.852 GC heap after
Heap after GC invocations=15 (full 0):
 PSYoungGen      total 22528K, used 1328K [0x00000000e0000000, 0x00000000e2480000, 0x0000000100000000)
  eden space 20992K, 0% used [0x00000000e0000000,0x00000000e0000000,0x00000000e1480000)
  from space 1536K, 86% used [0x00000000e1480000,0x00000000e15cc080,0x00000000e1600000)
  to   space 8192K, 0% used [0x00000000e1c80000,0x00000000e1c80000,0x00000000e2480000)
 ParOldGen       total 65536K, used 15380K [0x00000000a0000000, 0x00000000a4000000, 0x00000000e0000000)
  object space 65536K, 23% used [0x00000000a0000000,0x00000000a0f05310,0x00000000a4000000)
 PSPermGen       total 21504K, used 16991K [0x000000009ae00000, 0x000000009c300000, 0x00000000a0000000)
  object space 21504K, 79% used [0x000000009ae00000,0x000000009be97d20,0x000000009c300000)
}

