<?xml version="1.0" encoding="UTF-8"?>
<!-- Generated by org.testng.reporters.JUnitXMLReporter -->
<testsuite hostname="PHQVMW7072" name="Opentaps_Parallel144" tests="1" failures="1" timestamp="8 Jun 2016 19:16:43 GMT" time="108.9" errors="0">
  <testcase name="test" time="108.869" classname="com.paf.scripts.ManualProcessing">
    <failure type="org.openqa.selenium.WebDriverException" message="Failed to connect to binary FirefoxBinary(C:\Program Files (x86)\Mozilla Firefox\firefox.exe) on port 7091; process output follows: 
 &amp;apos;installed&amp;apos; for fxdriver@googlecode.com
1465413379325	addons.xpi-utils	DEBUG	Make addon app-profile:fxdriver@googlecode.com visible
1465413379326	DeferredSave.extensions.json	DEBUG	Save changes
1465413379327	addons.xpi-utils	DEBUG	Make addon app-global:{972ce4c6-7e08-4474-a285-3208198ce6fd} visible
1465413379327	DeferredSave.extensions.json	DEBUG	Save changes
1465413379328	addons.xpi	DEBUG	Updating XPIState for {&amp;quot;id&amp;quot;:&amp;quot;fxdriver@googlecode.com&amp;quot;,&amp;quot;syncGUID&amp;quot;:&amp;quot;BaEwjqcgJOjC&amp;quot;,&amp;quot;location&amp;quot;:&amp;quot;app-profile&amp;quot;,&amp;quot;version&amp;quot;:&amp;quot;2.53.0&amp;quot;,&amp;quot;type&amp;quot;:&amp;quot;extension&amp;quot;,&amp;quot;internalName&amp;quot;:null,&amp;quot;updateURL&amp;quot;:null,&amp;quot;updateKey&amp;quot;:null,&amp;quot;optionsURL&amp;quot;:null,&amp;quot;optionsType&amp;quot;:null,&amp;quot;aboutURL&amp;quot;:null,&amp;quot;iconURL&amp;quot;:null,&amp;quot;icon64URL&amp;quot;:null,&amp;quot;defaultLocale&amp;quot;:{&amp;quot;name&amp;quot;:&amp;quot;Firefox WebDriver&amp;quot;,&amp;quot;description&amp;quot;:&amp;quot;WebDriver implementation for Firefox&amp;quot;,&amp;quot;creator&amp;quot;:&amp;quot;Simon Stewart&amp;quot;,&amp;quot;homepageURL&amp;quot;:null},&amp;quot;visible&amp;quot;:true,&amp;quot;active&amp;quot;:true,&amp;quot;userDisabled&amp;quot;:false,&amp;quot;appDisabled&amp;quot;:false,&amp;quot;descriptor&amp;quot;:&amp;quot;C:\\Users\\paf847\\AppData\\Local\\Temp\\anonymous5280440947461455015webdriver-profile\\extensions\\fxdriver@googlecode.com&amp;quot;,&amp;quot;installDate&amp;quot;:1465413338089,&amp;quot;updateDate&amp;quot;:1465413338089,&amp;quot;applyBackgroundUpdates&amp;quot;:1,&amp;quot;bootstrap&amp;quot;:false,&amp;quot;size&amp;quot;:3249525,&amp;quot;sourceURI&amp;quot;:null,&amp;quot;releaseNotesURI&amp;quot;:null,&amp;quot;softDisabled&amp;quot;:false,&amp;quot;foreignInstall&amp;quot;:true,&amp;quot;hasBinaryComponents&amp;quot;:true,&amp;quot;strictCompatibility&amp;quot;:false,&amp;quot;locales&amp;quot;:[],&amp;quot;targetApplications&amp;quot;:[{&amp;quot;id&amp;quot;:&amp;quot;{ec8030f7-c20a-464f-9b0e-13a3a9e97384}&amp;quot;,&amp;quot;minVersion&amp;quot;:&amp;quot;3.0&amp;quot;,&amp;quot;maxVersion&amp;quot;:&amp;quot;47.0&amp;quot;}],&amp;quot;targetPlatforms&amp;quot;:[{&amp;quot;os&amp;quot;:&amp;quot;Darwin&amp;quot;,&amp;quot;abi&amp;quot;:null},{&amp;quot;os&amp;quot;:&amp;quot;SunOS&amp;quot;,&amp;quot;abi&amp;quot;:null},{&amp;quot;os&amp;quot;:&amp;quot;FreeBSD&amp;quot;,&amp;quot;abi&amp;quot;:null},{&amp;quot;os&amp;quot;:&amp;quot;OpenBSD&amp;quot;,&amp;quot;abi&amp;quot;:null},{&amp;quot;os&amp;quot;:&amp;quot;WINNT&amp;quot;,&amp;quot;abi&amp;quot;:null},{&amp;quot;os&amp;quot;:&amp;quot;Linux&amp;quot;,&amp;quot;abi&amp;quot;:null}],&amp;quot;multiprocessCompatible&amp;quot;:false,&amp;quot;signedState&amp;quot;:0}
1465413379329	addons.xpi	DEBUG	getModTime: Recursive scan of fxdriver@googlecode.com
1465413379349	addons.xpi	DEBUG	Updating XPIState for {&amp;quot;id&amp;quot;:&amp;quot;{972ce4c6-7e08-4474-a285-3208198ce6fd}&amp;quot;,&amp;quot;syncGUID&amp;quot;:&amp;quot;ciBJEfTmtHWr&amp;quot;,&amp;quot;location&amp;quot;:&amp;quot;app-global&amp;quot;,&amp;quot;version&amp;quot;:&amp;quot;43.0.1&amp;quot;,&amp;quot;type&amp;quot;:&amp;quot;theme&amp;quot;,&amp;quot;internalName&amp;quot;:&amp;quot;classic/1.0&amp;quot;,&amp;quot;updateURL&amp;quot;:null,&amp;quot;updateKey&amp;quot;:null,&amp;quot;optionsURL&amp;quot;:null,&amp;quot;optionsType&amp;quot;:null,&amp;quot;aboutURL&amp;quot;:null,&amp;quot;iconURL&amp;quot;:null,&amp;quot;icon64URL&amp;quot;:null,&amp;quot;defaultLocale&amp;quot;:{&amp;quot;name&amp;quot;:&amp;quot;Default&amp;quot;,&amp;quot;description&amp;quot;:&amp;quot;The default theme.&amp;quot;,&amp;quot;creator&amp;quot;:&amp;quot;Mozilla&amp;quot;,&amp;quot;homepageURL&amp;quot;:null,&amp;quot;contributors&amp;quot;:[&amp;quot;Mozilla Contributors&amp;quot;]},&amp;quot;visible&amp;quot;:true,&amp;quot;active&amp;quot;:true,&amp;quot;userDisabled&amp;quot;:false,&amp;quot;appDisabled&amp;quot;:false,&amp;quot;descriptor&amp;quot;:&amp;quot;C:\\Program Files (x86)\\Mozilla Firefox\\browser\\extensions\\{972ce4c6-7e08-4474-a285-3208198ce6fd}&amp;quot;,&amp;quot;installDate&amp;quot;:1465404549441,&amp;quot;updateDate&amp;quot;:1465404549441,&amp;quot;applyBackgroundUpdates&amp;quot;:1,&amp;quot;skinnable&amp;quot;:true,&amp;quot;size&amp;quot;:24172,&amp;quot;sourceURI&amp;quot;:null,&amp;quot;releaseNotesURI&amp;quot;:null,&amp;quot;softDisabled&amp;quot;:false,&amp;quot;foreignInstall&amp;quot;:false,&amp;quot;hasBinaryComponents&amp;quot;:false,&amp;quot;strictCompatibility&amp;quot;:true,&amp;quot;locales&amp;quot;:[],&amp;quot;targetApplications&amp;quot;:[{&amp;quot;id&amp;quot;:&amp;quot;{ec8030f7-c20a-464f-9b0e-13a3a9e97384}&amp;quot;,&amp;quot;minVersion&amp;quot;:&amp;quot;43.0.1&amp;quot;,&amp;quot;maxVersion&amp;quot;:&amp;quot;43.0.1&amp;quot;}],&amp;quot;targetPlatforms&amp;quot;:[]}
1465413379349	addons.xpi	DEBUG	getModTime: Recursive scan of {972ce4c6-7e08-4474-a285-3208198ce6fd}
1465413379352	DeferredSave.extensions.json	DEBUG	Save changes
1465413379352	addons.xpi	DEBUG	Updating database with changes to installed add-ons
1465413379352	addons.xpi-utils	DEBUG	Updating add-on states
1465413379354	addons.xpi-utils	DEBUG	Writing add-ons list
1465413379383	addons.manager	DEBUG	Registering shutdown blocker for XPIProvider
1465413379388	addons.manager	DEBUG	Provider finished startup: XPIProvider
1465413379389	addons.manager	DEBUG	Starting provider: LightweightThemeManager
1465413379389	addons.manager	DEBUG	Registering shutdown blocker for LightweightThemeManager
1465413379392	addons.manager	DEBUG	Provider finished startup: LightweightThemeManager
1465413379393	addons.manager	DEBUG	Starting provider: GMPProvider
1465413379687	addons.manager	DEBUG	Registering shutdown blocker for GMPProvider
1465413379688	addons.manager	DEBUG	Provider finished startup: GMPProvider
1465413379688	addons.manager	DEBUG	Starting provider: PluginProvider
1465413379689	addons.manager	DEBUG	Registering shutdown blocker for PluginProvider
1465413379689	addons.manager	DEBUG	Provider finished startup: PluginProvider
1465413379690	addons.manager	DEBUG	Completed startup sequence

Build info: version: &amp;apos;2.53.0&amp;apos;, revision: &amp;apos;35ae25b&amp;apos;, time: &amp;apos;2016-03-15 16:57:40&amp;apos;
System info: host: &amp;apos;PHQVMW7072&amp;apos;, ip: &amp;apos;192.168.8.106&amp;apos;, os.name: &amp;apos;Windows 7&amp;apos;, os.arch: &amp;apos;amd64&amp;apos;, os.version: &amp;apos;6.1&amp;apos;, java.version: &amp;apos;1.7.0_45&amp;apos;
Driver info: driver.version: FirefoxDriver">
      <![CDATA[org.openqa.selenium.WebDriverException: Failed to connect to binary FirefoxBinary(C:\Program Files (x86)\Mozilla Firefox\firefox.exe) on port 7091; process output follows: 
 'installed' for fxdriver@googlecode.com
1465413379325	addons.xpi-utils	DEBUG	Make addon app-profile:fxdriver@googlecode.com visible
1465413379326	DeferredSave.extensions.json	DEBUG	Save changes
1465413379327	addons.xpi-utils	DEBUG	Make addon app-global:{972ce4c6-7e08-4474-a285-3208198ce6fd} visible
1465413379327	DeferredSave.extensions.json	DEBUG	Save changes
1465413379328	addons.xpi	DEBUG	Updating XPIState for {"id":"fxdriver@googlecode.com","syncGUID":"BaEwjqcgJOjC","location":"app-profile","version":"2.53.0","type":"extension","internalName":null,"updateURL":null,"updateKey":null,"optionsURL":null,"optionsType":null,"aboutURL":null,"iconURL":null,"icon64URL":null,"defaultLocale":{"name":"Firefox WebDriver","description":"WebDriver implementation for Firefox","creator":"Simon Stewart","homepageURL":null},"visible":true,"active":true,"userDisabled":false,"appDisabled":false,"descriptor":"C:\\Users\\paf847\\AppData\\Local\\Temp\\anonymous5280440947461455015webdriver-profile\\extensions\\fxdriver@googlecode.com","installDate":1465413338089,"updateDate":1465413338089,"applyBackgroundUpdates":1,"bootstrap":false,"size":3249525,"sourceURI":null,"releaseNotesURI":null,"softDisabled":false,"foreignInstall":true,"hasBinaryComponents":true,"strictCompatibility":false,"locales":[],"targetApplications":[{"id":"{ec8030f7-c20a-464f-9b0e-13a3a9e97384}","minVersion":"3.0","maxVersion":"47.0"}],"targetPlatforms":[{"os":"Darwin","abi":null},{"os":"SunOS","abi":null},{"os":"FreeBSD","abi":null},{"os":"OpenBSD","abi":null},{"os":"WINNT","abi":null},{"os":"Linux","abi":null}],"multiprocessCompatible":false,"signedState":0}
1465413379329	addons.xpi	DEBUG	getModTime: Recursive scan of fxdriver@googlecode.com
1465413379349	addons.xpi	DEBUG	Updating XPIState for {"id":"{972ce4c6-7e08-4474-a285-3208198ce6fd}","syncGUID":"ciBJEfTmtHWr","location":"app-global","version":"43.0.1","type":"theme","internalName":"classic/1.0","updateURL":null,"updateKey":null,"optionsURL":null,"optionsType":null,"aboutURL":null,"iconURL":null,"icon64URL":null,"defaultLocale":{"name":"Default","description":"The default theme.","creator":"Mozilla","homepageURL":null,"contributors":["Mozilla Contributors"]},"visible":true,"active":true,"userDisabled":false,"appDisabled":false,"descriptor":"C:\\Program Files (x86)\\Mozilla Firefox\\browser\\extensions\\{972ce4c6-7e08-4474-a285-3208198ce6fd}","installDate":1465404549441,"updateDate":1465404549441,"applyBackgroundUpdates":1,"skinnable":true,"size":24172,"sourceURI":null,"releaseNotesURI":null,"softDisabled":false,"foreignInstall":false,"hasBinaryComponents":false,"strictCompatibility":true,"locales":[],"targetApplications":[{"id":"{ec8030f7-c20a-464f-9b0e-13a3a9e97384}","minVersion":"43.0.1","maxVersion":"43.0.1"}],"targetPlatforms":[]}
1465413379349	addons.xpi	DEBUG	getModTime: Recursive scan of {972ce4c6-7e08-4474-a285-3208198ce6fd}
1465413379352	DeferredSave.extensions.json	DEBUG	Save changes
1465413379352	addons.xpi	DEBUG	Updating database with changes to installed add-ons
1465413379352	addons.xpi-utils	DEBUG	Updating add-on states
1465413379354	addons.xpi-utils	DEBUG	Writing add-ons list
1465413379383	addons.manager	DEBUG	Registering shutdown blocker for XPIProvider
1465413379388	addons.manager	DEBUG	Provider finished startup: XPIProvider
1465413379389	addons.manager	DEBUG	Starting provider: LightweightThemeManager
1465413379389	addons.manager	DEBUG	Registering shutdown blocker for LightweightThemeManager
1465413379392	addons.manager	DEBUG	Provider finished startup: LightweightThemeManager
1465413379393	addons.manager	DEBUG	Starting provider: GMPProvider
1465413379687	addons.manager	DEBUG	Registering shutdown blocker for GMPProvider
1465413379688	addons.manager	DEBUG	Provider finished startup: GMPProvider
1465413379688	addons.manager	DEBUG	Starting provider: PluginProvider
1465413379689	addons.manager	DEBUG	Registering shutdown blocker for PluginProvider
1465413379689	addons.manager	DEBUG	Provider finished startup: PluginProvider
1465413379690	addons.manager	DEBUG	Completed startup sequence

Build info: version: '2.53.0', revision: '35ae25b', time: '2016-03-15 16:57:40'
System info: host: 'PHQVMW7072', ip: '192.168.8.106', os.name: 'Windows 7', os.arch: 'amd64', os.version: '6.1', java.version: '1.7.0_45'
Driver info: driver.version: FirefoxDriver
	at org.openqa.selenium.firefox.internal.NewProfileExtensionConnection.start(NewProfileExtensionConnection.java:124)
	at org.openqa.selenium.firefox.FirefoxDriver.startClient(FirefoxDriver.java:271)
	at org.openqa.selenium.remote.RemoteWebDriver.<init>(RemoteWebDriver.java:119)
	at org.openqa.selenium.firefox.FirefoxDriver.<init>(FirefoxDriver.java:218)
	at org.openqa.selenium.firefox.FirefoxDriver.<init>(FirefoxDriver.java:211)
	at org.openqa.selenium.firefox.FirefoxDriver.<init>(FirefoxDriver.java:207)
	at org.openqa.selenium.firefox.FirefoxDriver.<init>(FirefoxDriver.java:120)
	at com.paf.scripts.ManualProcessing.test(ManualProcessing.java:65)
	at java.util.concurrent.FutureTask.run(FutureTask.java:262)
	at java.util.concurrent.ThreadPoolExecutor.runWorker(ThreadPoolExecutor.java:1145)
	at java.util.concurrent.ThreadPoolExecutor$Worker.run(ThreadPoolExecutor.java:615)
	at java.lang.Thread.run(Thread.java:744)
Caused by: org.openqa.selenium.firefox.NotConnectedException: Unable to connect to host 127.0.0.1 on port 7091 after 45000 ms. Firefox console output:
 'installed' for fxdriver@googlecode.com
1465413379325	addons.xpi-utils	DEBUG	Make addon app-profile:fxdriver@googlecode.com visible
1465413379326	DeferredSave.extensions.json	DEBUG	Save changes
1465413379327	addons.xpi-utils	DEBUG	Make addon app-global:{972ce4c6-7e08-4474-a285-3208198ce6fd} visible
1465413379327	DeferredSave.extensions.json	DEBUG	Save changes
1465413379328	addons.xpi	DEBUG	Updating XPIState for {"id":"fxdriver@googlecode.com","syncGUID":"BaEwjqcgJOjC","location":"app-profile","version":"2.53.0","type":"extension","internalName":null,"updateURL":null,"updateKey":null,"optionsURL":null,"optionsType":null,"aboutURL":null,"iconURL":null,"icon64URL":null,"defaultLocale":{"name":"Firefox WebDriver","description":"WebDriver implementation for Firefox","creator":"Simon Stewart","homepageURL":null},"visible":true,"active":true,"userDisabled":false,"appDisabled":false,"descriptor":"C:\\Users\\paf847\\AppData\\Local\\Temp\\anonymous5280440947461455015webdriver-profile\\extensions\\fxdriver@googlecode.com","installDate":1465413338089,"updateDate":1465413338089,"applyBackgroundUpdates":1,"bootstrap":false,"size":3249525,"sourceURI":null,"releaseNotesURI":null,"softDisabled":false,"foreignInstall":true,"hasBinaryComponents":true,"strictCompatibility":false,"locales":[],"targetApplications":[{"id":"{ec8030f7-c20a-464f-9b0e-13a3a9e97384}","minVersion":"3.0","maxVersion":"47.0"}],"targetPlatforms":[{"os":"Darwin","abi":null},{"os":"SunOS","abi":null},{"os":"FreeBSD","abi":null},{"os":"OpenBSD","abi":null},{"os":"WINNT","abi":null},{"os":"Linux","abi":null}],"multiprocessCompatible":false,"signedState":0}
1465413379329	addons.xpi	DEBUG	getModTime: Recursive scan of fxdriver@googlecode.com
1465413379349	addons.xpi	DEBUG	Updating XPIState for {"id":"{972ce4c6-7e08-4474-a285-3208198ce6fd}","syncGUID":"ciBJEfTmtHWr","location":"app-global","version":"43.0.1","type":"theme","internalName":"classic/1.0","updateURL":null,"updateKey":null,"optionsURL":null,"optionsType":null,"aboutURL":null,"iconURL":null,"icon64URL":null,"defaultLocale":{"name":"Default","description":"The default theme.","creator":"Mozilla","homepageURL":null,"contributors":["Mozilla Contributors"]},"visible":true,"active":true,"userDisabled":false,"appDisabled":false,"descriptor":"C:\\Program Files (x86)\\Mozilla Firefox\\browser\\extensions\\{972ce4c6-7e08-4474-a285-3208198ce6fd}","installDate":1465404549441,"updateDate":1465404549441,"applyBackgroundUpdates":1,"skinnable":true,"size":24172,"sourceURI":null,"releaseNotesURI":null,"softDisabled":false,"foreignInstall":false,"hasBinaryComponents":false,"strictCompatibility":true,"locales":[],"targetApplications":[{"id":"{ec8030f7-c20a-464f-9b0e-13a3a9e97384}","minVersion":"43.0.1","maxVersion":"43.0.1"}],"targetPlatforms":[]}
1465413379349	addons.xpi	DEBUG	getModTime: Recursive scan of {972ce4c6-7e08-4474-a285-3208198ce6fd}
1465413379352	DeferredSave.extensions.json	DEBUG	Save changes
1465413379352	addons.xpi	DEBUG	Updating database with changes to installed add-ons
1465413379352	addons.xpi-utils	DEBUG	Updating add-on states
1465413379354	addons.xpi-utils	DEBUG	Writing add-ons list
1465413379383	addons.manager	DEBUG	Registering shutdown blocker for XPIProvider
1465413379388	addons.manager	DEBUG	Provider finished startup: XPIProvider
1465413379389	addons.manager	DEBUG	Starting provider: LightweightThemeManager
1465413379389	addons.manager	DEBUG	Registering shutdown blocker for LightweightThemeManager
1465413379392	addons.manager	DEBUG	Provider finished startup: LightweightThemeManager
1465413379393	addons.manager	DEBUG	Starting provider: GMPProvider
1465413379687	addons.manager	DEBUG	Registering shutdown blocker for GMPProvider
1465413379688	addons.manager	DEBUG	Provider finished startup: GMPProvider
1465413379688	addons.manager	DEBUG	Starting provider: PluginProvider
1465413379689	addons.manager	DEBUG	Registering shutdown blocker for PluginProvider
1465413379689	addons.manager	DEBUG	Provider finished startup: PluginProvider
1465413379690	addons.manager	DEBUG	Completed startup sequence

	at org.openqa.selenium.firefox.internal.NewProfileExtensionConnection.start(NewProfileExtensionConnection.java:112)
	... 26 more
... Removed 15 stack frames]]>
    </failure>
  </testcase> <!-- test -->
</testsuite> <!-- Opentaps_Parallel144 -->
